This is pdfTeX, Version 3.14159265-2.6-1.40.15 (TeX Live 2014/Arch Linux) (preloaded format=pdflatex 2014.8.28)  1 SEP 2014 15:29
entering extended mode
 restricted \write18 enabled.
 %&-line parsing enabled.
**informe_final.tex
(./informe_final.tex
LaTeX2e <2014/05/01>
Babel <3.9k> and hyphenation patterns for 79 languages loaded.
(./IEEEtran.cls (/usr/share/texmf-dist/tex/latex/base/inputenc.sty
Package: inputenc 2014/04/30 v1.2b Input encoding file
\inpenc@prehook=\toks14
\inpenc@posthook=\toks15

(/usr/share/texmf-dist/tex/latex/base/utf8.def
File: utf8.def 2008/04/05 v1.1m UTF-8 support for inputenc
Now handling font encoding OML ...
... no UTF-8 mapping file for font encoding OML
Now handling font encoding T1 ...
... processing UTF-8 mapping file for font encoding T1

(/usr/share/texmf-dist/tex/latex/base/t1enc.dfu
File: t1enc.dfu 2008/04/05 v1.1m UTF-8 support for inputenc
   defining Unicode char U+00A1 (decimal 161)
   defining Unicode char U+00A3 (decimal 163)
   defining Unicode char U+00AB (decimal 171)
   defining Unicode char U+00BB (decimal 187)
   defining Unicode char U+00BF (decimal 191)
   defining Unicode char U+00C0 (decimal 192)
   defining Unicode char U+00C1 (decimal 193)
   defining Unicode char U+00C2 (decimal 194)
   defining Unicode char U+00C3 (decimal 195)
   defining Unicode char U+00C4 (decimal 196)
   defining Unicode char U+00C5 (decimal 197)
   defining Unicode char U+00C6 (decimal 198)
   defining Unicode char U+00C7 (decimal 199)
   defining Unicode char U+00C8 (decimal 200)
   defining Unicode char U+00C9 (decimal 201)
   defining Unicode char U+00CA (decimal 202)
   defining Unicode char U+00CB (decimal 203)
   defining Unicode char U+00CC (decimal 204)
   defining Unicode char U+00CD (decimal 205)
   defining Unicode char U+00CE (decimal 206)
   defining Unicode char U+00CF (decimal 207)
   defining Unicode char U+00D0 (decimal 208)
   defining Unicode char U+00D1 (decimal 209)
   defining Unicode char U+00D2 (decimal 210)
   defining Unicode char U+00D3 (decimal 211)
   defining Unicode char U+00D4 (decimal 212)
   defining Unicode char U+00D5 (decimal 213)
   defining Unicode char U+00D6 (decimal 214)
   defining Unicode char U+00D8 (decimal 216)
   defining Unicode char U+00D9 (decimal 217)
   defining Unicode char U+00DA (decimal 218)
   defining Unicode char U+00DB (decimal 219)
   defining Unicode char U+00DC (decimal 220)
   defining Unicode char U+00DD (decimal 221)
   defining Unicode char U+00DE (decimal 222)
   defining Unicode char U+00DF (decimal 223)
   defining Unicode char U+00E0 (decimal 224)
   defining Unicode char U+00E1 (decimal 225)
   defining Unicode char U+00E2 (decimal 226)
   defining Unicode char U+00E3 (decimal 227)
   defining Unicode char U+00E4 (decimal 228)
   defining Unicode char U+00E5 (decimal 229)
   defining Unicode char U+00E6 (decimal 230)
   defining Unicode char U+00E7 (decimal 231)
   defining Unicode char U+00E8 (decimal 232)
   defining Unicode char U+00E9 (decimal 233)
   defining Unicode char U+00EA (decimal 234)
   defining Unicode char U+00EB (decimal 235)
   defining Unicode char U+00EC (decimal 236)
   defining Unicode char U+00ED (decimal 237)
   defining Unicode char U+00EE (decimal 238)
   defining Unicode char U+00EF (decimal 239)
   defining Unicode char U+00F0 (decimal 240)
   defining Unicode char U+00F1 (decimal 241)
   defining Unicode char U+00F2 (decimal 242)
   defining Unicode char U+00F3 (decimal 243)
   defining Unicode char U+00F4 (decimal 244)
   defining Unicode char U+00F5 (decimal 245)
   defining Unicode char U+00F6 (decimal 246)
   defining Unicode char U+00F8 (decimal 248)
   defining Unicode char U+00F9 (decimal 249)
   defining Unicode char U+00FA (decimal 250)
   defining Unicode char U+00FB (decimal 251)
   defining Unicode char U+00FC (decimal 252)
   defining Unicode char U+00FD (decimal 253)
   defining Unicode char U+00FE (decimal 254)
   defining Unicode char U+00FF (decimal 255)
   defining Unicode char U+0102 (decimal 258)
   defining Unicode char U+0103 (decimal 259)
   defining Unicode char U+0104 (decimal 260)
   defining Unicode char U+0105 (decimal 261)
   defining Unicode char U+0106 (decimal 262)
   defining Unicode char U+0107 (decimal 263)
   defining Unicode char U+010C (decimal 268)
   defining Unicode char U+010D (decimal 269)
   defining Unicode char U+010E (decimal 270)
   defining Unicode char U+010F (decimal 271)
   defining Unicode char U+0110 (decimal 272)
   defining Unicode char U+0111 (decimal 273)
   defining Unicode char U+0118 (decimal 280)
   defining Unicode char U+0119 (decimal 281)
   defining Unicode char U+011A (decimal 282)
   defining Unicode char U+011B (decimal 283)
   defining Unicode char U+011E (decimal 286)
   defining Unicode char U+011F (decimal 287)
   defining Unicode char U+0130 (decimal 304)
   defining Unicode char U+0131 (decimal 305)
   defining Unicode char U+0132 (decimal 306)
   defining Unicode char U+0133 (decimal 307)
   defining Unicode char U+0139 (decimal 313)
   defining Unicode char U+013A (decimal 314)
   defining Unicode char U+013D (decimal 317)
   defining Unicode char U+013E (decimal 318)
   defining Unicode char U+0141 (decimal 321)
   defining Unicode char U+0142 (decimal 322)
   defining Unicode char U+0143 (decimal 323)
   defining Unicode char U+0144 (decimal 324)
   defining Unicode char U+0147 (decimal 327)
   defining Unicode char U+0148 (decimal 328)
   defining Unicode char U+014A (decimal 330)
   defining Unicode char U+014B (decimal 331)
   defining Unicode char U+0150 (decimal 336)
   defining Unicode char U+0151 (decimal 337)
   defining Unicode char U+0152 (decimal 338)
   defining Unicode char U+0153 (decimal 339)
   defining Unicode char U+0154 (decimal 340)
   defining Unicode char U+0155 (decimal 341)
   defining Unicode char U+0158 (decimal 344)
   defining Unicode char U+0159 (decimal 345)
   defining Unicode char U+015A (decimal 346)
   defining Unicode char U+015B (decimal 347)
   defining Unicode char U+015E (decimal 350)
   defining Unicode char U+015F (decimal 351)
   defining Unicode char U+0160 (decimal 352)
   defining Unicode char U+0161 (decimal 353)
   defining Unicode char U+0162 (decimal 354)
   defining Unicode char U+0163 (decimal 355)
   defining Unicode char U+0164 (decimal 356)
   defining Unicode char U+0165 (decimal 357)
   defining Unicode char U+016E (decimal 366)
   defining Unicode char U+016F (decimal 367)
   defining Unicode char U+0170 (decimal 368)
   defining Unicode char U+0171 (decimal 369)
   defining Unicode char U+0178 (decimal 376)
   defining Unicode char U+0179 (decimal 377)
   defining Unicode char U+017A (decimal 378)
   defining Unicode char U+017B (decimal 379)
   defining Unicode char U+017C (decimal 380)
   defining Unicode char U+017D (decimal 381)
   defining Unicode char U+017E (decimal 382)
   defining Unicode char U+200C (decimal 8204)
   defining Unicode char U+2013 (decimal 8211)
   defining Unicode char U+2014 (decimal 8212)
   defining Unicode char U+2018 (decimal 8216)
   defining Unicode char U+2019 (decimal 8217)
   defining Unicode char U+201A (decimal 8218)
   defining Unicode char U+201C (decimal 8220)
   defining Unicode char U+201D (decimal 8221)
   defining Unicode char U+201E (decimal 8222)
   defining Unicode char U+2030 (decimal 8240)
   defining Unicode char U+2031 (decimal 8241)
   defining Unicode char U+2039 (decimal 8249)
   defining Unicode char U+203A (decimal 8250)
   defining Unicode char U+2423 (decimal 9251)
)
Now handling font encoding OT1 ...
... processing UTF-8 mapping file for font encoding OT1

(/usr/share/texmf-dist/tex/latex/base/ot1enc.dfu
File: ot1enc.dfu 2008/04/05 v1.1m UTF-8 support for inputenc
   defining Unicode char U+00A1 (decimal 161)
   defining Unicode char U+00A3 (decimal 163)
   defining Unicode char U+00B8 (decimal 184)
   defining Unicode char U+00BF (decimal 191)
   defining Unicode char U+00C5 (decimal 197)
   defining Unicode char U+00C6 (decimal 198)
   defining Unicode char U+00D8 (decimal 216)
   defining Unicode char U+00DF (decimal 223)
   defining Unicode char U+00E6 (decimal 230)
   defining Unicode char U+00EC (decimal 236)
   defining Unicode char U+00ED (decimal 237)
   defining Unicode char U+00EE (decimal 238)
   defining Unicode char U+00EF (decimal 239)
   defining Unicode char U+00F8 (decimal 248)
   defining Unicode char U+0131 (decimal 305)
   defining Unicode char U+0141 (decimal 321)
   defining Unicode char U+0142 (decimal 322)
   defining Unicode char U+0152 (decimal 338)
   defining Unicode char U+0153 (decimal 339)
   defining Unicode char U+2013 (decimal 8211)
   defining Unicode char U+2014 (decimal 8212)
   defining Unicode char U+2018 (decimal 8216)
   defining Unicode char U+2019 (decimal 8217)
   defining Unicode char U+201C (decimal 8220)
   defining Unicode char U+201D (decimal 8221)
)
Now handling font encoding OMS ...
... processing UTF-8 mapping file for font encoding OMS

(/usr/share/texmf-dist/tex/latex/base/omsenc.dfu
File: omsenc.dfu 2008/04/05 v1.1m UTF-8 support for inputenc
   defining Unicode char U+00A7 (decimal 167)
   defining Unicode char U+00B6 (decimal 182)
   defining Unicode char U+00B7 (decimal 183)
   defining Unicode char U+2020 (decimal 8224)
   defining Unicode char U+2021 (decimal 8225)
   defining Unicode char U+2022 (decimal 8226)
)
Now handling font encoding OMX ...
... no UTF-8 mapping file for font encoding OMX
Now handling font encoding U ...
... no UTF-8 mapping file for font encoding U
   defining Unicode char U+00A9 (decimal 169)
   defining Unicode char U+00AA (decimal 170)
   defining Unicode char U+00AE (decimal 174)
   defining Unicode char U+00BA (decimal 186)
   defining Unicode char U+02C6 (decimal 710)
   defining Unicode char U+02DC (decimal 732)
   defining Unicode char U+200C (decimal 8204)
   defining Unicode char U+2026 (decimal 8230)
   defining Unicode char U+2122 (decimal 8482)
   defining Unicode char U+2423 (decimal 9251)
))
Document Class: IEEEtran 2012/11/21 V1.8c by Harald Hanche-Olsen and Anders Chr
istensen
-- Based on V1.7a by Michael Shell
-- See the "IEEEtran_HOWTO" manual for usage information.
-- http://www.michaelshell.org/tex/ieeetran/
\@IEEEtrantmpdimenA=\dimen102
\@IEEEtrantmpdimenB=\dimen103
\@IEEEtrantmpcountA=\count79
\@IEEEtrantmpcountB=\count80
\@IEEEtrantmptoksA=\toks16
LaTeX Font Info:    Try loading font information for OT1+ptm on input line 373.

(/usr/share/texmf-dist/tex/latex/psnfss/ot1ptm.fd
File: ot1ptm.fd 2001/06/04 font definitions for OT1/ptm.
)
-- Using 8.5in x 11in (letter) paper.
-- Using PDF output.
\@IEEEnormalsizeunitybaselineskip=\dimen104
-- This is a 10 point document.
\CLASSINFOnormalsizebaselineskip=\dimen105
\CLASSINFOnormalsizeunitybaselineskip=\dimen106
\IEEEnormaljot=\dimen107
LaTeX Font Info:    Font shape `OT1/ptm/bx/n' in size <5> not available
(Font)              Font shape `OT1/ptm/b/n' tried instead on input line 731.
LaTeX Font Info:    Font shape `OT1/ptm/bx/it' in size <5> not available
(Font)              Font shape `OT1/ptm/b/it' tried instead on input line 731.
LaTeX Font Info:    Font shape `OT1/ptm/bx/n' in size <7> not available
(Font)              Font shape `OT1/ptm/b/n' tried instead on input line 731.
LaTeX Font Info:    Font shape `OT1/ptm/bx/it' in size <7> not available
(Font)              Font shape `OT1/ptm/b/it' tried instead on input line 731.
LaTeX Font Info:    Font shape `OT1/ptm/bx/n' in size <8> not available
(Font)              Font shape `OT1/ptm/b/n' tried instead on input line 731.
LaTeX Font Info:    Font shape `OT1/ptm/bx/it' in size <8> not available
(Font)              Font shape `OT1/ptm/b/it' tried instead on input line 731.
LaTeX Font Info:    Font shape `OT1/ptm/bx/n' in size <9> not available
(Font)              Font shape `OT1/ptm/b/n' tried instead on input line 731.
LaTeX Font Info:    Font shape `OT1/ptm/bx/it' in size <9> not available
(Font)              Font shape `OT1/ptm/b/it' tried instead on input line 731.
LaTeX Font Info:    Font shape `OT1/ptm/bx/n' in size <10> not available
(Font)              Font shape `OT1/ptm/b/n' tried instead on input line 731.
LaTeX Font Info:    Font shape `OT1/ptm/bx/it' in size <10> not available
(Font)              Font shape `OT1/ptm/b/it' tried instead on input line 731.
LaTeX Font Info:    Font shape `OT1/ptm/bx/n' in size <11> not available
(Font)              Font shape `OT1/ptm/b/n' tried instead on input line 731.
LaTeX Font Info:    Font shape `OT1/ptm/bx/it' in size <11> not available
(Font)              Font shape `OT1/ptm/b/it' tried instead on input line 731.
LaTeX Font Info:    Font shape `OT1/ptm/bx/n' in size <12> not available
(Font)              Font shape `OT1/ptm/b/n' tried instead on input line 731.
LaTeX Font Info:    Font shape `OT1/ptm/bx/it' in size <12> not available
(Font)              Font shape `OT1/ptm/b/it' tried instead on input line 731.
LaTeX Font Info:    Font shape `OT1/ptm/bx/n' in size <17> not available
(Font)              Font shape `OT1/ptm/b/n' tried instead on input line 731.
LaTeX Font Info:    Font shape `OT1/ptm/bx/it' in size <17> not available
(Font)              Font shape `OT1/ptm/b/it' tried instead on input line 731.
LaTeX Font Info:    Font shape `OT1/ptm/bx/n' in size <20> not available
(Font)              Font shape `OT1/ptm/b/n' tried instead on input line 731.
LaTeX Font Info:    Font shape `OT1/ptm/bx/it' in size <20> not available
(Font)              Font shape `OT1/ptm/b/it' tried instead on input line 731.
LaTeX Font Info:    Font shape `OT1/ptm/bx/n' in size <24> not available
(Font)              Font shape `OT1/ptm/b/n' tried instead on input line 731.
LaTeX Font Info:    Font shape `OT1/ptm/bx/it' in size <24> not available
(Font)              Font shape `OT1/ptm/b/it' tried instead on input line 731.
\IEEEilabelindentA=\dimen108
\IEEEilabelindentB=\dimen109
\IEEEilabelindent=\dimen110
\IEEEelabelindent=\dimen111
\IEEEdlabelindent=\dimen112
\IEEElabelindent=\dimen113
\IEEEiednormlabelsep=\dimen114
\IEEEiedmathlabelsep=\dimen115
\IEEEiedtopsep=\skip41
\c@section=\count81
\c@subsection=\count82
\c@subsubsection=\count83
\c@paragraph=\count84
\c@IEEEsubequation=\count85
\abovecaptionskip=\skip42
\belowcaptionskip=\skip43
\c@figure=\count86
\c@table=\count87
\@IEEEeqnnumcols=\count88
\@IEEEeqncolcnt=\count89
\@IEEEtmpitemindent=\dimen116
\c@IEEEbiography=\count90
\@IEEEtranrubishbin=\box26
) (/usr/share/texmf-dist/tex/latex/graphics/graphicx.sty
Package: graphicx 2014/04/25 v1.0g Enhanced LaTeX Graphics (DPC,SPQR)

(/usr/share/texmf-dist/tex/latex/graphics/keyval.sty
Package: keyval 2014/05/08 v1.15 key=value parser (DPC)
\KV@toks@=\toks17
)
(/usr/share/texmf-dist/tex/latex/graphics/graphics.sty
Package: graphics 2009/02/05 v1.0o Standard LaTeX Graphics (DPC,SPQR)

(/usr/share/texmf-dist/tex/latex/graphics/trig.sty
Package: trig 1999/03/16 v1.09 sin cos tan (DPC)
)
(/usr/share/texmf-dist/tex/latex/latexconfig/graphics.cfg
File: graphics.cfg 2010/04/23 v1.9 graphics configuration of TeX Live
)
Package graphics Info: Driver file: pdftex.def on input line 91.

(/usr/share/texmf-dist/tex/latex/pdftex-def/pdftex.def
File: pdftex.def 2011/05/27 v0.06d Graphics/color for pdfTeX

(/usr/share/texmf-dist/tex/generic/oberdiek/infwarerr.sty
Package: infwarerr 2010/04/08 v1.3 Providing info/warning/error messages (HO)
)
(/usr/share/texmf-dist/tex/generic/oberdiek/ltxcmds.sty
Package: ltxcmds 2011/11/09 v1.22 LaTeX kernel commands for general use (HO)
)
\Gread@gobject=\count91
))
\Gin@req@height=\dimen117
\Gin@req@width=\dimen118
)
(/usr/share/texmf-dist/tex/latex/todonotes/todonotes.sty
Package: todonotes 2012/07/25 .dtx Todonotes source and documentation.
Package: todonotes 2012/07/25

(/usr/share/texmf-dist/tex/latex/base/ifthen.sty
Package: ifthen 2001/05/26 v1.1c Standard LaTeX ifthen package (DPC)
)
(/usr/share/texmf-dist/tex/latex/xkeyval/xkeyval.sty
Package: xkeyval 2014/05/25 v2.7 package option processing (HA)

(/usr/share/texmf-dist/tex/generic/xkeyval/xkeyval.tex
(/usr/share/texmf-dist/tex/generic/xkeyval/xkvutils.tex
\XKV@toks=\toks18
\XKV@tempa@toks=\toks19
)
\XKV@depth=\count92
File: xkeyval.tex 2014/05/25 v2.7 key=value parser (HA)
))
(/usr/share/texmf-dist/tex/latex/xcolor/xcolor.sty
Package: xcolor 2007/01/21 v2.11 LaTeX color extensions (UK)

(/usr/share/texmf-dist/tex/latex/latexconfig/color.cfg
File: color.cfg 2007/01/18 v1.5 color configuration of teTeX/TeXLive
)
Package xcolor Info: Driver file: pdftex.def on input line 225.
Package xcolor Info: Model `cmy' substituted by `cmy0' on input line 1337.
Package xcolor Info: Model `hsb' substituted by `rgb' on input line 1341.
Package xcolor Info: Model `RGB' extended on input line 1353.
Package xcolor Info: Model `HTML' substituted by `rgb' on input line 1355.
Package xcolor Info: Model `Hsb' substituted by `hsb' on input line 1356.
Package xcolor Info: Model `tHsb' substituted by `hsb' on input line 1357.
Package xcolor Info: Model `HSB' substituted by `hsb' on input line 1358.
Package xcolor Info: Model `Gray' substituted by `gray' on input line 1359.
Package xcolor Info: Model `wave' substituted by `hsb' on input line 1360.
)
(/usr/share/texmf-dist/tex/latex/pgf/frontendlayer/tikz.sty
(/usr/share/texmf-dist/tex/latex/pgf/basiclayer/pgf.sty
(/usr/share/texmf-dist/tex/latex/pgf/utilities/pgfrcs.sty
(/usr/share/texmf-dist/tex/generic/pgf/utilities/pgfutil-common.tex
\pgfutil@everybye=\toks20
\pgfutil@tempdima=\dimen119
\pgfutil@tempdimb=\dimen120

(/usr/share/texmf-dist/tex/generic/pgf/utilities/pgfutil-common-lists.tex))
(/usr/share/texmf-dist/tex/generic/pgf/utilities/pgfutil-latex.def
\pgfutil@abb=\box27

(/usr/share/texmf-dist/tex/latex/ms/everyshi.sty
Package: everyshi 2001/05/15 v3.00 EveryShipout Package (MS)
))
(/usr/share/texmf-dist/tex/generic/pgf/utilities/pgfrcs.code.tex
Package: pgfrcs 2013/12/20 v3.0.0 (rcs-revision 1.28)
))
Package: pgf 2013/12/18 v3.0.0 (rcs-revision 1.14)

(/usr/share/texmf-dist/tex/latex/pgf/basiclayer/pgfcore.sty
(/usr/share/texmf-dist/tex/latex/pgf/systemlayer/pgfsys.sty
(/usr/share/texmf-dist/tex/generic/pgf/systemlayer/pgfsys.code.tex
Package: pgfsys 2013/11/30 v3.0.0 (rcs-revision 1.47)

(/usr/share/texmf-dist/tex/generic/pgf/utilities/pgfkeys.code.tex
\pgfkeys@pathtoks=\toks21
\pgfkeys@temptoks=\toks22

(/usr/share/texmf-dist/tex/generic/pgf/utilities/pgfkeysfiltered.code.tex
\pgfkeys@tmptoks=\toks23
))
\pgf@x=\dimen121
\pgf@y=\dimen122
\pgf@xa=\dimen123
\pgf@ya=\dimen124
\pgf@xb=\dimen125
\pgf@yb=\dimen126
\pgf@xc=\dimen127
\pgf@yc=\dimen128
\w@pgf@writea=\write3
\r@pgf@reada=\read1
\c@pgf@counta=\count93
\c@pgf@countb=\count94
\c@pgf@countc=\count95
\c@pgf@countd=\count96
\t@pgf@toka=\toks24
\t@pgf@tokb=\toks25
\t@pgf@tokc=\toks26

(/usr/share/texmf-dist/tex/generic/pgf/systemlayer/pgf.cfg
File: pgf.cfg 2008/05/14  (rcs-revision 1.7)
)
Driver file for pgf: pgfsys-pdftex.def

(/usr/share/texmf-dist/tex/generic/pgf/systemlayer/pgfsys-pdftex.def
File: pgfsys-pdftex.def 2013/07/18  (rcs-revision 1.33)

(/usr/share/texmf-dist/tex/generic/pgf/systemlayer/pgfsys-common-pdf.def
File: pgfsys-common-pdf.def 2013/10/10  (rcs-revision 1.13)
)))
(/usr/share/texmf-dist/tex/generic/pgf/systemlayer/pgfsyssoftpath.code.tex
File: pgfsyssoftpath.code.tex 2013/09/09  (rcs-revision 1.9)
\pgfsyssoftpath@smallbuffer@items=\count97
\pgfsyssoftpath@bigbuffer@items=\count98
)
(/usr/share/texmf-dist/tex/generic/pgf/systemlayer/pgfsysprotocol.code.tex
File: pgfsysprotocol.code.tex 2006/10/16  (rcs-revision 1.4)
))
(/usr/share/texmf-dist/tex/generic/pgf/basiclayer/pgfcore.code.tex
Package: pgfcore 2010/04/11 v3.0.0 (rcs-revision 1.7)

(/usr/share/texmf-dist/tex/generic/pgf/math/pgfmath.code.tex
(/usr/share/texmf-dist/tex/generic/pgf/math/pgfmathcalc.code.tex
(/usr/share/texmf-dist/tex/generic/pgf/math/pgfmathutil.code.tex)
(/usr/share/texmf-dist/tex/generic/pgf/math/pgfmathparser.code.tex
\pgfmath@dimen=\dimen129
\pgfmath@count=\count99
\pgfmath@box=\box28
\pgfmath@toks=\toks27
\pgfmath@stack@operand=\toks28
\pgfmath@stack@operation=\toks29
)
(/usr/share/texmf-dist/tex/generic/pgf/math/pgfmathfunctions.code.tex
(/usr/share/texmf-dist/tex/generic/pgf/math/pgfmathfunctions.basic.code.tex)
(/usr/share/texmf-dist/tex/generic/pgf/math/pgfmathfunctions.trigonometric.code
.tex)
(/usr/share/texmf-dist/tex/generic/pgf/math/pgfmathfunctions.random.code.tex)
(/usr/share/texmf-dist/tex/generic/pgf/math/pgfmathfunctions.comparison.code.te
x) (/usr/share/texmf-dist/tex/generic/pgf/math/pgfmathfunctions.base.code.tex)
(/usr/share/texmf-dist/tex/generic/pgf/math/pgfmathfunctions.round.code.tex)
(/usr/share/texmf-dist/tex/generic/pgf/math/pgfmathfunctions.misc.code.tex)
(/usr/share/texmf-dist/tex/generic/pgf/math/pgfmathfunctions.integerarithmetics
.code.tex))) (/usr/share/texmf-dist/tex/generic/pgf/math/pgfmathfloat.code.tex
\c@pgfmathroundto@lastzeros=\count100
)) (/usr/share/texmf-dist/tex/generic/pgf/basiclayer/pgfcorepoints.code.tex
File: pgfcorepoints.code.tex 2013/10/07  (rcs-revision 1.27)
\pgf@picminx=\dimen130
\pgf@picmaxx=\dimen131
\pgf@picminy=\dimen132
\pgf@picmaxy=\dimen133
\pgf@pathminx=\dimen134
\pgf@pathmaxx=\dimen135
\pgf@pathminy=\dimen136
\pgf@pathmaxy=\dimen137
\pgf@xx=\dimen138
\pgf@xy=\dimen139
\pgf@yx=\dimen140
\pgf@yy=\dimen141
\pgf@zx=\dimen142
\pgf@zy=\dimen143
)
(/usr/share/texmf-dist/tex/generic/pgf/basiclayer/pgfcorepathconstruct.code.tex
File: pgfcorepathconstruct.code.tex 2013/10/07  (rcs-revision 1.29)
\pgf@path@lastx=\dimen144
\pgf@path@lasty=\dimen145
) (/usr/share/texmf-dist/tex/generic/pgf/basiclayer/pgfcorepathusage.code.tex
File: pgfcorepathusage.code.tex 2013/12/13  (rcs-revision 1.23)
\pgf@shorten@end@additional=\dimen146
\pgf@shorten@start@additional=\dimen147
)
(/usr/share/texmf-dist/tex/generic/pgf/basiclayer/pgfcorescopes.code.tex
File: pgfcorescopes.code.tex 2013/10/09  (rcs-revision 1.44)
\pgfpic=\box29
\pgf@hbox=\box30
\pgf@layerbox@main=\box31
\pgf@picture@serial@count=\count101
)
(/usr/share/texmf-dist/tex/generic/pgf/basiclayer/pgfcoregraphicstate.code.tex
File: pgfcoregraphicstate.code.tex 2013/09/19  (rcs-revision 1.11)
\pgflinewidth=\dimen148
)
(/usr/share/texmf-dist/tex/generic/pgf/basiclayer/pgfcoretransformations.code.t
ex
File: pgfcoretransformations.code.tex 2013/10/10  (rcs-revision 1.17)
\pgf@pt@x=\dimen149
\pgf@pt@y=\dimen150
\pgf@pt@temp=\dimen151
) (/usr/share/texmf-dist/tex/generic/pgf/basiclayer/pgfcorequick.code.tex
File: pgfcorequick.code.tex 2008/10/09  (rcs-revision 1.3)
)
(/usr/share/texmf-dist/tex/generic/pgf/basiclayer/pgfcoreobjects.code.tex
File: pgfcoreobjects.code.tex 2006/10/11  (rcs-revision 1.2)
)
(/usr/share/texmf-dist/tex/generic/pgf/basiclayer/pgfcorepathprocessing.code.te
x
File: pgfcorepathprocessing.code.tex 2013/09/09  (rcs-revision 1.9)
) (/usr/share/texmf-dist/tex/generic/pgf/basiclayer/pgfcorearrows.code.tex
File: pgfcorearrows.code.tex 2013/11/07  (rcs-revision 1.40)
\pgfarrowsep=\dimen152
)
(/usr/share/texmf-dist/tex/generic/pgf/basiclayer/pgfcoreshade.code.tex
File: pgfcoreshade.code.tex 2013/07/15  (rcs-revision 1.15)
\pgf@max=\dimen153
\pgf@sys@shading@range@num=\count102
)
(/usr/share/texmf-dist/tex/generic/pgf/basiclayer/pgfcoreimage.code.tex
File: pgfcoreimage.code.tex 2013/07/15  (rcs-revision 1.18)

(/usr/share/texmf-dist/tex/generic/pgf/basiclayer/pgfcoreexternal.code.tex
File: pgfcoreexternal.code.tex 2013/07/15  (rcs-revision 1.20)
\pgfexternal@startupbox=\box32
))
(/usr/share/texmf-dist/tex/generic/pgf/basiclayer/pgfcorelayers.code.tex
File: pgfcorelayers.code.tex 2013/07/18  (rcs-revision 1.7)
)
(/usr/share/texmf-dist/tex/generic/pgf/basiclayer/pgfcoretransparency.code.tex
File: pgfcoretransparency.code.tex 2013/09/30  (rcs-revision 1.5)
) (/usr/share/texmf-dist/tex/generic/pgf/basiclayer/pgfcorepatterns.code.tex
File: pgfcorepatterns.code.tex 2013/11/07  (rcs-revision 1.5)
)))
(/usr/share/texmf-dist/tex/generic/pgf/modules/pgfmoduleshapes.code.tex
File: pgfmoduleshapes.code.tex 2013/10/31  (rcs-revision 1.34)
\pgfnodeparttextbox=\box33
)
(/usr/share/texmf-dist/tex/generic/pgf/modules/pgfmoduleplot.code.tex
File: pgfmoduleplot.code.tex 2013/07/31  (rcs-revision 1.12)
)
(/usr/share/texmf-dist/tex/latex/pgf/compatibility/pgfcomp-version-0-65.sty
Package: pgfcomp-version-0-65 2007/07/03 v3.0.0 (rcs-revision 1.7)
\pgf@nodesepstart=\dimen154
\pgf@nodesepend=\dimen155
)
(/usr/share/texmf-dist/tex/latex/pgf/compatibility/pgfcomp-version-1-18.sty
Package: pgfcomp-version-1-18 2007/07/23 v3.0.0 (rcs-revision 1.1)
))
(/usr/share/texmf-dist/tex/latex/pgf/utilities/pgffor.sty
(/usr/share/texmf-dist/tex/latex/pgf/utilities/pgfkeys.sty
(/usr/share/texmf-dist/tex/generic/pgf/utilities/pgfkeys.code.tex))
(/usr/share/texmf-dist/tex/latex/pgf/math/pgfmath.sty
(/usr/share/texmf-dist/tex/generic/pgf/math/pgfmath.code.tex))
(/usr/share/texmf-dist/tex/generic/pgf/utilities/pgffor.code.tex
Package: pgffor 2013/12/13 v3.0.0 (rcs-revision 1.25)

(/usr/share/texmf-dist/tex/generic/pgf/math/pgfmath.code.tex)
\pgffor@iter=\dimen156
\pgffor@skip=\dimen157
\pgffor@stack=\toks30
\pgffor@toks=\toks31
))
(/usr/share/texmf-dist/tex/generic/pgf/frontendlayer/tikz/tikz.code.tex
Package: tikz 2013/12/13 v3.0.0 (rcs-revision 1.142)

(/usr/share/texmf-dist/tex/generic/pgf/libraries/pgflibraryplothandlers.code.te
x
File: pgflibraryplothandlers.code.tex 2013/08/31 v3.0.0 (rcs-revision 1.20)
\pgf@plot@mark@count=\count103
\pgfplotmarksize=\dimen158
)
\tikz@lastx=\dimen159
\tikz@lasty=\dimen160
\tikz@lastxsaved=\dimen161
\tikz@lastysaved=\dimen162
\tikzleveldistance=\dimen163
\tikzsiblingdistance=\dimen164
\tikz@figbox=\box34
\tikz@figbox@bg=\box35
\tikz@tempbox=\box36
\tikz@tempbox@bg=\box37
\tikztreelevel=\count104
\tikznumberofchildren=\count105
\tikznumberofcurrentchild=\count106
\tikz@fig@count=\count107
 (/usr/share/texmf-dist/tex/generic/pgf/modules/pgfmodulematrix.code.tex
File: pgfmodulematrix.code.tex 2013/09/17  (rcs-revision 1.8)
\pgfmatrixcurrentrow=\count108
\pgfmatrixcurrentcolumn=\count109
\pgf@matrix@numberofcolumns=\count110
)
\tikz@expandcount=\count111

(/usr/share/texmf-dist/tex/generic/pgf/frontendlayer/tikz/libraries/tikzlibrary
topaths.code.tex
File: tikzlibrarytopaths.code.tex 2008/06/17 v3.0.0 (rcs-revision 1.2)
)))
(/usr/share/texmf-dist/tex/generic/pgf/frontendlayer/tikz/libraries/tikzlibrary
positioning.code.tex
File: tikzlibrarypositioning.code.tex 2008/10/06 v3.0.0 (rcs-revision 1.7)
) (/usr/share/texmf-dist/tex/latex/tools/calc.sty
Package: calc 2007/08/22 v4.3 Infix arithmetic (KKT,FJ)
\calc@Acount=\count112
\calc@Bcount=\count113
\calc@Adimen=\dimen165
\calc@Bdimen=\dimen166
\calc@Askip=\skip44
\calc@Bskip=\skip45
LaTeX Info: Redefining \setlength on input line 75.
LaTeX Info: Redefining \addtolength on input line 76.
\calc@Ccount=\count114
\calc@Cskip=\skip46
)
\c@@todonotes@numberoftodonotes=\count115
)
(/usr/share/texmf-dist/tex/generic/pgf/frontendlayer/tikz/libraries/tikzlibrary
arrows.code.tex
File: tikzlibraryarrows.code.tex 2008/01/09 v3.0.0 (rcs-revision 1.1)

(/usr/share/texmf-dist/tex/generic/pgf/libraries/pgflibraryarrows.code.tex
File: pgflibraryarrows.code.tex 2013/09/23 v3.0.0 (rcs-revision 1.16)
\arrowsize=\dimen167
))
(/usr/share/texmf-dist/tex/generic/pgf/frontendlayer/tikz/libraries/tikzlibrary
automata.code.tex
File: tikzlibraryautomata.code.tex 2008/07/14 v3.0.0 (rcs-revision 1.3)

(/usr/share/texmf-dist/tex/generic/pgf/frontendlayer/tikz/libraries/tikzlibrary
shapes.multipart.code.tex
File: tikzlibraryshapes.multipart.code.tex 2008/01/09 v3.0.0 (rcs-revision 1.1)


(/usr/share/texmf-dist/tex/generic/pgf/libraries/shapes/pgflibraryshapes.multip
art.code.tex
File: pgflibraryshapes.multipart.code.tex 2010/01/07 v3.0.0 (rcs-revision 1.2)
\pgfnodepartlowerbox=\box38
\pgfnodeparttwobox=\box39
\pgfnodepartthreebox=\box40
\pgfnodepartfourbox=\box41
\pgfnodeparttwentybox=\box42
\pgfnodepartnineteenbox=\box43
\pgfnodeparteighteenbox=\box44
\pgfnodepartseventeenbox=\box45
\pgfnodepartsixteenbox=\box46
\pgfnodepartfifteenbox=\box47
\pgfnodepartfourteenbox=\box48
\pgfnodepartthirteenbox=\box49
\pgfnodeparttwelvebox=\box50
\pgfnodepartelevenbox=\box51
\pgfnodeparttenbox=\box52
\pgfnodepartninebox=\box53
\pgfnodeparteightbox=\box54
\pgfnodepartsevenbox=\box55
\pgfnodepartsixbox=\box56
\pgfnodepartfivebox=\box57
)))
(/usr/share/texmf-dist/tex/generic/pgf/frontendlayer/tikz/libraries/tikzlibrary
shapes.code.tex
File: tikzlibraryshapes.code.tex 2008/01/09 v3.0.0 (rcs-revision 1.1)

(/usr/share/texmf-dist/tex/generic/pgf/frontendlayer/tikz/libraries/tikzlibrary
shapes.geometric.code.tex
File: tikzlibraryshapes.geometric.code.tex 2008/01/09 v3.0.0 (rcs-revision 1.1)


(/usr/share/texmf-dist/tex/generic/pgf/libraries/shapes/pgflibraryshapes.geomet
ric.code.tex
File: pgflibraryshapes.geometric.code.tex 2008/06/26 v3.0.0 (rcs-revision 1.1)
))
(/usr/share/texmf-dist/tex/generic/pgf/frontendlayer/tikz/libraries/tikzlibrary
shapes.misc.code.tex
File: tikzlibraryshapes.misc.code.tex 2008/01/09 v3.0.0 (rcs-revision 1.1)

(/usr/share/texmf-dist/tex/generic/pgf/libraries/shapes/pgflibraryshapes.misc.c
ode.tex
File: pgflibraryshapes.misc.code.tex 2013/07/18 v3.0.0 (rcs-revision 1.5)
))
(/usr/share/texmf-dist/tex/generic/pgf/frontendlayer/tikz/libraries/tikzlibrary
shapes.symbols.code.tex
File: tikzlibraryshapes.symbols.code.tex 2008/01/09 v3.0.0 (rcs-revision 1.1)

(/usr/share/texmf-dist/tex/generic/pgf/libraries/shapes/pgflibraryshapes.symbol
s.code.tex
File: pgflibraryshapes.symbols.code.tex 2013/09/11 v3.0.0 (rcs-revision 1.6)
))
(/usr/share/texmf-dist/tex/generic/pgf/frontendlayer/tikz/libraries/tikzlibrary
shapes.arrows.code.tex
File: tikzlibraryshapes.arrows.code.tex 2008/01/09 v3.0.0 (rcs-revision 1.1)

(/usr/share/texmf-dist/tex/generic/pgf/libraries/shapes/pgflibraryshapes.arrows
.code.tex
File: pgflibraryshapes.arrows.code.tex 2008/06/26 v3.0.0 (rcs-revision 1.1)
))
(/usr/share/texmf-dist/tex/generic/pgf/frontendlayer/tikz/libraries/tikzlibrary
shapes.callouts.code.tex
(/usr/share/texmf-dist/tex/generic/pgf/libraries/shapes/pgflibraryshapes.callou
ts.code.tex))) (/usr/share/texmf-dist/tex/latex/amsmath/amsmath.sty
Package: amsmath 2013/01/14 v2.14 AMS math features
\@mathmargin=\skip47

For additional information on amsmath, use the `?' option.
(/usr/share/texmf-dist/tex/latex/amsmath/amstext.sty
Package: amstext 2000/06/29 v2.01

(/usr/share/texmf-dist/tex/latex/amsmath/amsgen.sty
File: amsgen.sty 1999/11/30 v2.0
\@emptytoks=\toks32
\ex@=\dimen168
))
(/usr/share/texmf-dist/tex/latex/amsmath/amsbsy.sty
Package: amsbsy 1999/11/29 v1.2d
\pmbraise@=\dimen169
)
(/usr/share/texmf-dist/tex/latex/amsmath/amsopn.sty
Package: amsopn 1999/12/14 v2.01 operator names
)
\inf@bad=\count116
LaTeX Info: Redefining \frac on input line 210.
\uproot@=\count117
\leftroot@=\count118
LaTeX Info: Redefining \overline on input line 306.
\classnum@=\count119
\DOTSCASE@=\count120
LaTeX Info: Redefining \ldots on input line 378.
LaTeX Info: Redefining \dots on input line 381.
LaTeX Info: Redefining \cdots on input line 466.
\Mathstrutbox@=\box58
\strutbox@=\box59
\big@size=\dimen170
LaTeX Font Info:    Redeclaring font encoding OML on input line 566.
LaTeX Font Info:    Redeclaring font encoding OMS on input line 567.
\macc@depth=\count121
\c@MaxMatrixCols=\count122
\dotsspace@=\muskip10
\c@parentequation=\count123
\dspbrk@lvl=\count124
\tag@help=\toks33
\row@=\count125
\column@=\count126
\maxfields@=\count127
\andhelp@=\toks34
\eqnshift@=\dimen171
\alignsep@=\dimen172
\tagshift@=\dimen173
\tagwidth@=\dimen174
\totwidth@=\dimen175
\lineht@=\dimen176
\@envbody=\toks35
\multlinegap=\skip48
\multlinetaggap=\skip49
\mathdisplay@stack=\toks36
LaTeX Info: Redefining \[ on input line 2665.
LaTeX Info: Redefining \] on input line 2666.
)
(/usr/share/texmf-dist/tex/latex/tools/array.sty
Package: array 2008/09/09 v2.4c Tabular extension package (FMi)
\col@sep=\dimen177
\extrarowheight=\dimen178
\NC@list=\toks37
\extratabsurround=\skip50
\backup@length=\skip51
)
(/usr/share/texmf-dist/tex/latex/mdwtools/mdwmath.sty
Package: mdwmath 1996/04/11 1.1 Nice mathematical things
\sq@sqrt=\count128
LaTeX Info: Redefining \sqrt on input line 84.
)
(/usr/share/texmf-dist/tex/latex/mdwtools/mdwtab.sty
Package: mdwtab 1998/04/28 1.9 Table typesetting with style
\tab@state=\count129
\tab@columns=\count130
\tab@preamble=\toks38
\tab@shortline=\toks39
\extrarowheight=\dimen179
\tabextrasep=\dimen180
\arrayextrasep=\dimen181
\smarraycolsep=\dimen182
\smarrayextrasep=\dimen183
\tab@width=\dimen184
\col@sep=\dimen185
\tab@endheight=\dimen186
\tab@leftskip=\skip52
\tab@rightskip=\skip53
\fn@notes=\box60
\fn@width=\dimen187
)
(/usr/share/texmf-dist/tex/latex/subfigure/subfigure.sty
Package: subfigure 2002/03/15 v2.1.5 subfigure package
\subfigtopskip=\skip54
\subfigcapskip=\skip55
\subfigcaptopadj=\dimen188
\subfigbottomskip=\skip56
\subfigcapmargin=\dimen189
\subfiglabelskip=\skip57
\c@subfigure=\count131
\c@lofdepth=\count132
\c@subtable=\count133
\c@lotdepth=\count134

****************************************
* Local config file subfigure.cfg used *
****************************************
(/usr/share/texmf-dist/tex/latex/subfigure/subfigure.cfg)
\subfig@top=\skip58
\subfig@bottom=\skip59
)
(/usr/share/texmf-dist/tex/latex/sttools/stfloats.sty
Package: stfloats 2012/05/29 v1.1 Improve float mechanism and baselineskip sett
ings
\@dblbotnum=\count135
\c@dblbotnumber=\count136
)
(/usr/share/texmf-dist/tex/latex/url/url.sty
\Urlmuskip=\muskip11
Package: url 2013/09/16  ver 3.4  Verb mode for urls, etc.
) (./informe_final.aux

LaTeX Warning: Label `' multiply defined.


LaTeX Warning: Label `' multiply defined.


LaTeX Warning: Label `' multiply defined.

)
\openout1 = `informe_final.aux'.

LaTeX Font Info:    Checking defaults for OML/cmm/m/it on input line 414.
LaTeX Font Info:    ... okay on input line 414.
LaTeX Font Info:    Checking defaults for T1/cmr/m/n on input line 414.
LaTeX Font Info:    ... okay on input line 414.
LaTeX Font Info:    Checking defaults for OT1/cmr/m/n on input line 414.
LaTeX Font Info:    ... okay on input line 414.
LaTeX Font Info:    Checking defaults for OMS/cmsy/m/n on input line 414.
LaTeX Font Info:    ... okay on input line 414.
LaTeX Font Info:    Checking defaults for OMX/cmex/m/n on input line 414.
LaTeX Font Info:    ... okay on input line 414.
LaTeX Font Info:    Checking defaults for U/cmr/m/n on input line 414.
LaTeX Font Info:    ... okay on input line 414.
 (/usr/share/texmf-dist/tex/context/base/supp-pdf.mkii
[Loading MPS to PDF converter (version 2006.09.02).]
\scratchcounter=\count137
\scratchdimen=\dimen190
\scratchbox=\box61
\nofMPsegments=\count138
\nofMParguments=\count139
\everyMPshowfont=\toks40
\MPscratchCnt=\count140
\MPscratchDim=\dimen191
\MPnumerator=\count141
\makeMPintoPDFobject=\count142
\everyMPtoPDFconversion=\toks41
) (/usr/share/texmf-dist/tex/generic/oberdiek/pdftexcmds.sty
Package: pdftexcmds 2011/11/29 v0.20 Utility functions of pdfTeX for LuaTeX (HO
)

(/usr/share/texmf-dist/tex/generic/oberdiek/ifluatex.sty
Package: ifluatex 2010/03/01 v1.3 Provides the ifluatex switch (HO)
Package ifluatex Info: LuaTeX not detected.
)
(/usr/share/texmf-dist/tex/generic/oberdiek/ifpdf.sty
Package: ifpdf 2011/01/30 v2.3 Provides the ifpdf switch (HO)
Package ifpdf Info: pdfTeX in PDF mode is detected.
)
Package pdftexcmds Info: LuaTeX not detected.
Package pdftexcmds Info: \pdf@primitive is available.
Package pdftexcmds Info: \pdf@ifprimitive is available.
Package pdftexcmds Info: \pdfdraftmode found.
)
(/usr/share/texmf-dist/tex/latex/oberdiek/epstopdf-base.sty
Package: epstopdf-base 2010/02/09 v2.5 Base part for package epstopdf

(/usr/share/texmf-dist/tex/latex/oberdiek/grfext.sty
Package: grfext 2010/08/19 v1.1 Manage graphics extensions (HO)

(/usr/share/texmf-dist/tex/generic/oberdiek/kvdefinekeys.sty
Package: kvdefinekeys 2011/04/07 v1.3 Define keys (HO)
))
(/usr/share/texmf-dist/tex/latex/oberdiek/kvoptions.sty
Package: kvoptions 2011/06/30 v3.11 Key value format for package options (HO)

(/usr/share/texmf-dist/tex/generic/oberdiek/kvsetkeys.sty
Package: kvsetkeys 2012/04/25 v1.16 Key value parser (HO)

(/usr/share/texmf-dist/tex/generic/oberdiek/etexcmds.sty
Package: etexcmds 2011/02/16 v1.5 Avoid name clashes with e-TeX commands (HO)
Package etexcmds Info: Could not find \expanded.
(etexcmds)             That can mean that you are not using pdfTeX 1.50 or
(etexcmds)             that some package has redefined \expanded.
(etexcmds)             In the latter case, load this package earlier.
)))
Package grfext Info: Graphics extension search list:
(grfext)             [.pdf,.jpeg,.png,.eps]
(grfext)             \AppendGraphicsExtensions on input line 452.

(/usr/share/texmf-dist/tex/latex/latexconfig/epstopdf-sys.cfg
File: epstopdf-sys.cfg 2010/07/13 v1.3 Configuration of (r)epstopdf for TeX Liv
e
))
ABD: EveryShipout initializing macros
Underfull \hbox (badness 3557) in paragraph at lines 492--503
[]\OT1/ptm/b/it/9 Resumen\OT1/ptm/b/n/9 ---Se pre-sen-tan los re-sul-ta-dos obt
enidos en el
 []

LaTeX Font Info:    External font `cmex10' loaded for size
(Font)              <7> on input line 579.
LaTeX Font Info:    External font `cmex10' loaded for size
(Font)              <5> on input line 579.
<./images/esquema_grua.png, id=4, 218.31563pt x 184.43906pt>
File: ./images/esquema_grua.png Graphic file (type png)

<use ./images/esquema_grua.png>
Package pdftex.def Info: ./images/esquema_grua.png used on input line 695.
(pdftex.def)             Requested size: 180.67499pt x 152.63971pt.

<./images/EjesXY.pdf, id=5, 243.7165pt x 192.72pt>
File: ./images/EjesXY.pdf Graphic file (type pdf)
 <use ./images/EjesXY.pdf>
Package pdftex.def Info: ./images/EjesXY.pdf used on input line 725.
(pdftex.def)             Requested size: 180.67499pt x 142.87521pt.

[1{/var/lib/texmf/fonts/map/pdftex/updmap/pdftex.map}


 <./images/esquema_grua.png>] <./images/trolley_carga.png, id=18, 239.294pt x 3
13.973pt>
File: ./images/trolley_carga.png Graphic file (type png)

<use ./images/trolley_carga.png>
Package pdftex.def Info: ./images/trolley_carga.png used on input line 803.
(pdftex.def)             Requested size: 180.67499pt x 237.06972pt.

Underfull \hbox (badness 4454) in paragraph at lines 811--816
 []\OT1/ptm/m/it/10 Mecanismo de Traslaci[]on: [][] \OT1/ptm/m/n/10 En el movim
iento de
 []

[2 <./images/EjesXY.pdf> <./images/trolley_carga.png>]
<./images/analisis_sistema_fisico.jpeg, id=30, 469.00218pt x 214.55156pt>
File: ./images/analisis_sistema_fisico.jpeg Graphic file (type jpg)

<use ./images/analisis_sistema_fisico.jpeg>
Package pdftex.def Info: ./images/analisis_sistema_fisico.jpeg used on input li
ne 844.
(pdftex.def)             Requested size: 180.67499pt x 82.65007pt.

Underfull \hbox (badness 10000) in paragraph at lines 923--924
[]\OT1/ptm/m/n/10 N[]umero de con-tain-ers por columna:
 []

[3 <./images/analisis_sistema_fisico.jpeg>]
Underfull \hbox (badness 10000) in paragraph at lines 957--960
[]$\OML/cmm/m/it/10 lh[]g \OT1/cmr/m/n/10 = \OML/cmm/m/it/10 yt\OT1/cmr/m/n/10 
0 + \OML/cmm/m/it/10 yl[]min$
 []


Underfull \hbox (badness 10000) in paragraph at lines 957--960
\OMS/cmsy/m/n/10 ^^@\OT1/cmr/m/n/10 (\OML/cmm/m/it/10 hContainer numContainer \
OT1/cmr/m/n/10 (\OML/cmm/m/it/10 numColumna\OT1/cmr/m/n/10 ))$
 []

<./images/bloque_consigna_posicion.jpeg, id=35, 473.51906pt x 64.74188pt>
File: ./images/bloque_consigna_posicion.jpeg Graphic file (type jpg)

<use ./images/bloque_consigna_posicion.jpeg>
Package pdftex.def Info: ./images/bloque_consigna_posicion.jpeg used on input l
ine 990.
(pdftex.def)             Requested size: 180.67499pt x 24.70193pt.

<./images/consigna_posicion.jpeg, id=36, 1028.34187pt x 554.82281pt>
File: ./images/consigna_posicion.jpeg Graphic file (type jpg)

<use ./images/consigna_posicion.jpeg>
Package pdftex.def Info: ./images/consigna_posicion.jpeg used on input line 100
1.
(pdftex.def)             Requested size: 180.67499pt x 97.47641pt.

<./images/atenuaciona.jpeg, id=37, 1028.34187pt x 558.58687pt>
File: ./images/atenuaciona.jpeg Graphic file (type jpg)

<use ./images/atenuaciona.jpeg>
Package pdftex.def Info: ./images/atenuaciona.jpeg used on input line 1012.
(pdftex.def)             Requested size: 180.67499pt x 98.13771pt.

<./images/atenuacionv.jpeg, id=38, 1028.34187pt x 578.16pt>
File: ./images/atenuacionv.jpeg Graphic file (type jpg)

<use ./images/atenuacionv.jpeg>
Package pdftex.def Info: ./images/atenuacionv.jpeg used on input line 1019.
(pdftex.def)             Requested size: 180.67499pt x 101.57649pt.
 [4 <./images/bloque_consigna_posicion.jpeg> <./images/consigna_posicion.jpeg> 
<./images/atenuaciona.jpeg> <./images/atenuacionv.jpeg>]
Underfull \hbox (badness 6188) in paragraph at lines 1070--1073
 []\OT1/ptm/m/it/10 Funci[]on de trans-fer-en-cia del sis-tema: [][] \OT1/ptm/m
/n/10 Para ello
 []


Underfull \hbox (badness 10000) in paragraph at lines 1070--1073

 []


<./images/Test_Controlador_emergencia1.jpeg, id=42, 1028.34187pt x 551.81157pt>
File: ./images/Test_Controlador_emergencia1.jpeg Graphic file (type jpg)
<use ./images/Test_Controlador_emergencia1.jpeg>
Package pdftex.def Info: ./images/Test_Controlador_emergencia1.jpeg used on inp
ut line 1169.
(pdftex.def)             Requested size: 180.67499pt x 96.94736pt.
 [5 <./images/Test_Controlador_emergencia1.jpeg>]
<./images/Controlador_precarga_velocidad.jpeg, id=47, 1028.34187pt x 499.11469p
t>
File: ./images/Controlador_precarga_velocidad.jpeg Graphic file (type jpg)
 <use ./images/Controlador_precarga_velocidad.jpeg>
Package pdftex.def Info: ./images/Controlador_precarga_velocidad.jpeg used on i
nput line 1189.
(pdftex.def)             Requested size: 180.67499pt x 87.68909pt.

<./images/parad_de_emergencia_state.jpeg, id=48, 140.77594pt x 108.405pt>
File: ./images/parad_de_emergencia_state.jpeg Graphic file (type jpg)

<use ./images/parad_de_emergencia_state.jpeg>
Package pdftex.def Info: ./images/parad_de_emergencia_state.jpeg used on input 
line 1205.
(pdftex.def)             Requested size: 72.26999pt x 55.65137pt.

<./images/controlador_posicion.jpeg, id=49, 263.48438pt x 185.19188pt>
File: ./images/controlador_posicion.jpeg Graphic file (type jpg)

<use ./images/controlador_posicion.jpeg>
Package pdftex.def Info: ./images/controlador_posicion.jpeg used on input line 
1264.
(pdftex.def)             Requested size: 263.48372pt x 185.1914pt.

Overfull \hbox (10.43385pt too wide) in paragraph at lines 1264--1265
 [][] 
 []

<./images/rate.jpeg, id=50, 74.52844pt x 59.47218pt>
File: ./images/rate.jpeg Graphic file (type jpg)
 <use ./images/rate.jpeg>
Package pdftex.def Info: ./images/rate.jpeg used on input line 1277.
(pdftex.def)             Requested size: 74.52824pt x 59.47203pt.

<./images/zero_order.jpeg, id=51, 61.73062pt x 60.225pt>
File: ./images/zero_order.jpeg Graphic file (type jpg)

<use ./images/zero_order.jpeg>
Package pdftex.def Info: ./images/zero_order.jpeg used on input line 1290.
(pdftex.def)             Requested size: 61.73045pt x 60.22484pt.
 [6 <./images/Controlador_precarga_velocidad.jpeg> <./images/parad_de_emergenci
a_state.jpeg>] [7 <./images/controlador_posicion.jpeg> <./images/rate.jpeg> <./
images/zero_order.jpeg>]

LaTeX Warning: Float too large for page by 36.6007pt on input line 1420.

<./images/Test_x.jpeg, id=62, 558.58687pt x 240.14719pt>
File: ./images/Test_x.jpeg Graphic file (type jpg)

<use ./images/Test_x.jpeg>
Package pdftex.def Info: ./images/Test_x.jpeg used on input line 1475.
(pdftex.def)             Requested size: 180.67499pt x 77.67313pt.

<./images/Test_x_posicion.jpeg, id=63, 1028.34187pt x 551.81157pt>
File: ./images/Test_x_posicion.jpeg Graphic file (type jpg)

<use ./images/Test_x_posicion.jpeg>
Package pdftex.def Info: ./images/Test_x_posicion.jpeg used on input line 1482.

(pdftex.def)             Requested size: 180.67499pt x 96.94736pt.

<./images/Test_y.jpeg, id=64, 558.58687pt x 237.88875pt>
File: ./images/Test_y.jpeg Graphic file (type jpg)

<use ./images/Test_y.jpeg>
Package pdftex.def Info: ./images/Test_y.jpeg used on input line 1490.
(pdftex.def)             Requested size: 180.67499pt x 76.94267pt.

<./images/Test_y_posicion.jpeg, id=65, 1028.34187pt x 552.56438pt>
File: ./images/Test_y_posicion.jpeg Graphic file (type jpg)

<use ./images/Test_y_posicion.jpeg>
Package pdftex.def Info: ./images/Test_y_posicion.jpeg used on input line 1497.

(pdftex.def)             Requested size: 180.67499pt x 97.07962pt.

<./images/Controlador_precarga.jpeg, id=66, 953.81343pt x 417.81094pt>
File: ./images/Controlador_precarga.jpeg Graphic file (type jpg)

<use ./images/Controlador_precarga.jpeg>
Package pdftex.def Info: ./images/Controlador_precarga.jpeg used on input line 
1504.
(pdftex.def)             Requested size: 180.67499pt x 79.14264pt.

<./images/Controlador_prec_res.jpeg, id=67, 1028.34187pt x 555.57562pt>
File: ./images/Controlador_prec_res.jpeg Graphic file (type jpg)

<use ./images/Controlador_prec_res.jpeg>
Package pdftex.def Info: ./images/Controlador_prec_res.jpeg used on input line 
1511.
(pdftex.def)             Requested size: 180.67499pt x 97.60866pt.


LaTeX Warning: Reference `sec:limites' on page 8 undefined on input line 1522.

[8 <./images/Test_x.jpeg> <./images/Test_x_posicion.jpeg> <./images/Test_y.jpeg
> <./images/Test_y_posicion.jpeg> <./images/Controlador_precarga.jpeg>]
<./images/consx_posx_xl.jpeg, id=71, 1028.34187pt x 545.78906pt>
File: ./images/consx_posx_xl.jpeg Graphic file (type jpg)

<use ./images/consx_posx_xl.jpeg>
Package pdftex.def Info: ./images/consx_posx_xl.jpeg used on input line 1540.
(pdftex.def)             Requested size: 180.67499pt x 95.88927pt.

<./images/consy_posy_yl.jpeg, id=72, 1028.34187pt x 555.57562pt>
File: ./images/consy_posy_yl.jpeg Graphic file (type jpg)

<use ./images/consy_posy_yl.jpeg>
Package pdftex.def Info: ./images/consy_posy_yl.jpeg used on input line 1547.
(pdftex.def)             Requested size: 180.67499pt x 97.60866pt.

<./images/Ida_general.jpeg, id=73, 1028.34187pt x 557.83406pt>
File: ./images/Ida_general.jpeg Graphic file (type jpg)

<use ./images/Ida_general.jpeg>
Package pdftex.def Info: ./images/Ida_general.jpeg used on input line 1582.
(pdftex.def)             Requested size: 216.81pt x 117.60825pt.

<./images/consignasyrespuestasy.jpeg, id=74, 1028.34187pt x 554.07pt>
File: ./images/consignasyrespuestasy.jpeg Graphic file (type jpg)

<use ./images/consignasyrespuestasy.jpeg>
Package pdftex.def Info: ./images/consignasyrespuestasy.jpeg used on input line
 1589.
(pdftex.def)             Requested size: 216.81pt x 116.81467pt.

<./images/consignasyrespuestasx.jpeg, id=75, 1026.08344pt x 555.57562pt>
File: ./images/consignasyrespuestasx.jpeg Graphic file (type jpg)

<use ./images/consignasyrespuestasx.jpeg>
Package pdftex.def Info: ./images/consignasyrespuestasx.jpeg used on input line
 1596.
(pdftex.def)             Requested size: 216.81pt x 117.38641pt.

<./images/Ida_vuelta_general.jpeg, id=76, 1028.34187pt x 554.07pt>
File: ./images/Ida_vuelta_general.jpeg Graphic file (type jpg)

<use ./images/Ida_vuelta_general.jpeg>
Package pdftex.def Info: ./images/Ida_vuelta_general.jpeg used on input line 16
03.
(pdftex.def)             Requested size: 216.81pt x 116.81467pt.
 [9 <./images/Controlador_prec_res.jpeg> <./images/consx_posx_xl.jpeg> <./image
s/consy_posy_yl.jpeg> <./images/Ida_general.jpeg> <./images/consignasyrespuesta
sy.jpeg>]
LaTeX Font Info:    External font `cmex10' loaded for size
(Font)              <8> on input line 1743.
LaTeX Font Info:    External font `cmex10' loaded for size
(Font)              <6> on input line 1743.
 [10 <./images/consignasyrespuestasx.jpeg> <./images/Ida_vuelta_general.jpeg>] 
[11] (./informe_final.aux)

LaTeX Warning: There were undefined references.


LaTeX Warning: There were multiply-defined labels.

 ) 
Here is how much of TeX's memory you used:
 16620 strings out of 493108
 345721 string characters out of 6140725
 428986 words of memory out of 5000000
 19715 multiletter control sequences out of 15000+600000
 41432 words of font info for 75 fonts, out of 8000000 for 9000
 1144 hyphenation exceptions out of 8191
 62i,13n,71p,461b,883s stack positions out of 5000i,500n,10000p,200000b,80000s
{/usr/share/texmf-dist/fonts/enc/dvips/base/8r.enc}</usr/share/texmf-dist/fon
ts/type1/public/amsfonts/cm/cmex10.pfb></usr/share/texmf-dist/fonts/type1/publi
c/amsfonts/cm/cmmi10.pfb></usr/share/texmf-dist/fonts/type1/public/amsfonts/cm/
cmmi5.pfb></usr/share/texmf-dist/fonts/type1/public/amsfonts/cm/cmmi7.pfb></usr
/share/texmf-dist/fonts/type1/public/amsfonts/cm/cmr10.pfb></usr/share/texmf-di
st/fonts/type1/public/amsfonts/cm/cmr5.pfb></usr/share/texmf-dist/fonts/type1/p
ublic/amsfonts/cm/cmr7.pfb></usr/share/texmf-dist/fonts/type1/public/amsfonts/c
m/cmsy10.pfb></usr/share/texmf-dist/fonts/type1/public/amsfonts/cm/cmsy5.pfb></
usr/share/texmf-dist/fonts/type1/public/amsfonts/cm/cmsy7.pfb></usr/share/texmf
-dist/fonts/type1/urw/times/utmb8a.pfb></usr/share/texmf-dist/fonts/type1/urw/t
imes/utmbi8a.pfb></usr/share/texmf-dist/fonts/type1/urw/times/utmr8a.pfb></usr/
share/texmf-dist/fonts/type1/urw/times/utmri8a.pfb>
Output written on informe_final.pdf (11 pages, 1845137 bytes).
PDF statistics:
 132 PDF objects out of 1000 (max. 8388607)
 76 compressed objects within 1 object stream
 0 named destinations out of 1000 (max. 500000)
 143 words of extra memory for PDF output out of 10000 (max. 10000000)

